Checking active123
Checking ActiveJob
Checking Demo
Checking Demo2
Checking DeployAmazonEC2
Checking EnvironmentVariables
Checking ExecutePowerShellScript
Checking game-of-life-default
Checking Geneva_GPO_Policy_Editor
Checking Karthik » BPAAnalyzer
Checking Karthik » Jenkins_Pipeline_Update
Checking Karthik » Pipeline_Jenkins_Sync
Checking MavenDemo
Checking MavenDemoProject
Checking Orchestration
Checking SiteInformation
Checking SiteInformation3
Checking ssh_windows
Checking test123
Checking TestFolder » MavenSample
